1582067993759,0000,0000,8,22,771,743
1582067993770,0000,0000,8,20,801,821
1582067993775,0000,0000,8,20,815,857
1582067993786,0000,0000,7,17,826,863
1582067993792,0000,0000,4,10,831,863
1582067993801,0000,0000,1,5,831,863
1582067993811,0000,0000,2,1,834,863
1582067993826,0000,0000,1,2,834,863
1582067993841,0000,0000,0,1,834,863
1582067993852,0000,0000,0,1,834,863
1582067994130,0000,0000,0,2,834,863
1582067994140,0000,0000,0,4,834,863
1582067994149,0000,0000,-2,4,834,863
1582067994154,0000,0000,0,2,834,863
1582067994163,0000,0000,-2,1,832,863
1582067994169,0000,0000,-2,1,832,863
1582067994179,0000,0000,-2,1,830,863
1582067994189,0000,0000,-1,2,829,863
1582067994193,0000,0000,0,3,829,863
1582067994203,0000,0000,0,1,829,863
1582067994219,0000,0000,0,-2,829,863
1582067994229,0000,0000,1,-2,829,862
1582067994235,0000,0000,0,-1,829,861
1582067994245,0000,0000,0,-2,829,860
1582067994249,0000,0000,1,-2,829,858
1582067994260,0000,0000,1,-2,830,857
1582067994269,0000,0000,1,-1,830,857
1582067994276,0000,0000,1,0,831,856
1582067994285,0000,0000,1,-1,831,856
1582067994289,0000,0000,2,-1,833,855
1582067994299,0000,0000,2,-2,833,855
1582067994309,0000,0000,1,-1,834,854
1582067994315,0000,0000,2,0,836,854
1582067994325,0000,0000,2,-1,836,854
1582067994329,0000,0000,1,-1,838,853
1582067994339,0000,0000,2,-1,839,851
1582067994350,0000,0000,2,-1,841,850
1582067994355,0000,0000,2,-1,841,850
1582067994366,0000,0000,2,-1,843,850
1582067994371,0000,0000,2,-1,845,849
1582067994381,0000,0000,2,-1,845,849
1582067994392,0000,0000,2,-1,847,847
1582067994395,0000,0000,2,-1,849,846
1582067994405,0000,0000,2,-1,850,846
1582067994411,0000,0000,3,-1,852,845
1582067994421,0000,0000,2,-1,854,845
1582067994431,0000,0000,3,0,854,845
1582067994435,0000,0000,3,-2,858,843
1582067994445,0000,0000,5,-1,862,842
1582067994451,0000,0000,3,0,864,842
1582067994461,0000,0000,4,0,867,842
1582067994471,0000,0000,4,0,867,842
1582067994477,0000,0000,3,-1,873,842
1582067994488,0000,0000,4,0,875,842
1582067994491,0000,0000,2,0,877,842
1582067994501,0000,0000,3,0,877,842
1582067994511,0000,0000,1,0,879,842
1582067994517,0000,0000,2,0,879,842
1582067994527,0000,0000,2,0,882,842
1582067994531,0000,0000,2,0,883,842
1582067994541,0000,0000,1,0,883,842
1582067994551,0000,0000,2,0,885,842
1582067994557,0000,0000,2,0,885,842
1582067994567,0000,0000,1,0,886,842
1582067994571,0000,0000,1,0,887,842
1582067994654,0000,0000,1,0,888,842
1582067994664,0000,0000,1,0,889,842
1582067994674,0000,0000,1,0,889,842
1582067994678,0000,0000,1,0,890,842
1582067994744,0000,0000,0,1,890,842
1582067994760,0000,0000,-1,1,890,842
1582067994769,0000,0000,-1,0,890,842
1582067994774,0000,0000,-1,1,889,842
1582067994784,0000,0000,-1,0,888,842
1582067994836,0000,0000,-3,0,886,842
1582067994839,0000,0000,-3,0,884,842
1582067994850,0000,0000,-7,-1,878,842
1582067994856,0000,0000,-9,-2,868,840
1582067994866,0000,0000,-13,-2,854,838
1582067994876,0000,0000,-15,-4,832,832
1582067994880,0000,0000,-15,-5,810,825
1582067994890,0000,0000,-17,-5,782,817
1582067994896,0000,0000,-16,-6,757,807
1582067994906,0000,0000,-17,-6,730,798
1582067994916,0000,0000,-18,-7,698,786
1582067994920,0000,0000,-24,-11,651,764
1582067994930,0000,0000,-15,-7,628,753
1582067994935,0000,0000,-12,-6,628,753
1582067994945,0000,0000,-8,-6,613,746
1582067994955,0000,0000,-3,-5,604,738
1582067994962,0000,0000,-4,-8,597,726
1582067994972,0000,0000,-3,-9,597,726
1582067994975,0000,0000,-5,-15,587,696
1582067994985,0000,0000,-1,-16,586,674
1582067994996,0000,0000,-1,-19,586,674
1582067995002,0000,0000,-2,-23,581,602
1582067995012,0000,0000,-1,-23,578,560
1582067995016,0000,0000,0,-24,578,517
1582067995026,0000,0000,2,-24,582,473
1582067995035,0000,0000,2,-26,582,473
1582067995041,0000,0000,5,-27,595,370
1582067995052,0000,0000,3,-28,601,315
1582067995058,0000,0000,3,-24,606,270
1582067995068,0000,0000,4,-24,614,226
1582067995076,0000,0000,4,-22,622,186
1582067995086,0000,0000,3,-21,626,149
1582067995090,0000,0000,5,-18,635,119
1582067995100,0000,0000,4,-16,641,94
1582067995106,0000,0000,3,-14,641,94
1582067995116,0000,0000,2,-10,647,66
1582067995126,0000,0000,2,-9,650,56
1582067995129,0000,0000,0,-6,650,56
1582067995140,0000,0000,0,-5,650,46
1582067995146,0000,0000,0,-3,650,44
1582067995156,0000,0000,0,-2,650,43
1582067995166,0000,0000,-2,-1,649,42
1582067995172,0000,0000,-1,0,649,42
1582067995181,0000,0000,-1,-1,648,42
1582067995185,0000,0000,-3,-1,646,41
1582067995196,0000,0000,-3,-1,646,41
1582067995206,0000,0000,-5,-1,639,39
1582067995212,0000,0000,-3,-1,637,38
1582067995222,0000,0000,-3,0,637,38
1582067995226,0000,0000,-1,0,634,38
1582067995236,0000,0000,-1,0,634,38
1582067995246,0000,0000,-1,0,634,38
1582067995252,0000,0000,-2,0,632,38
1582067995262,0000,0000,-2,0,631,38
1582067995266,0000,0000,-2,0,630,38
1582067995278,0000,0000,-3,0,627,38
1582067995288,0000,0000,-2,0,626,38
1582067995292,0000,0000,-1,1,626,38
1582067995302,0000,0000,-1,0,626,38
1582067995308,0000,0000,-1,0,625,38
1582067995332,0000,0000,0,1,625,39
1582067995342,0000,0000,1,3,625,41
1582067995347,0000,0000,1,2,625,41
1582067995357,0000,0000,2,3,626,45
1582067995368,0000,0000,3,2,629,46
1582067995371,0000,0000,2,1,629,46
1582067995381,0000,0000,2,1,631,47
1582067995387,0000,0000,2,0,633,47
1582067995398,0000,0000,1,1,633,47
1582067995407,0000,0000,2,0,634,48
1582067995413,0000,0000,4,0,638,48
1582067995424,0000,0000,3,1,640,49
1582067995428,0000,0000,2,0,641,49
1582067995437,0000,0000,3,0,643,49
1582067995448,0000,0000,2,0,644,49
1582067995454,0000,0000,2,0,646,49
1582067995463,0000,0000,1,0,646,49
1582067995468,0000,0000,1,0,646,49
1582067995488,0000,0000,1,0,647,49
1582067995544,0000,0000,1,-1,648,49
1582067995569,0000,0000,1,-1,648,49
1582067995573,0000,0000,1,0,649,48
1582067995589,0000,0000,1,-1,649,48
1582067995736,0001,0000,0,0,650,48
1582067995802,0002,0000,0,0,650,48
