2020-02-24 19:57:44,DESKTOP-SGGRUD3,11680,WARNING,LOG MESSAGE HEEEP
2020-02-24 19:57:44,DESKTOP-SGGRUD3,11680,WARNING,LOG MESSAGE HEEEP
2020-02-24 19:57:44,DESKTOP-SGGRUD3,11680,WARNING,LOG MESSAGE HEEEP
2020-02-24 19:57:59,DESKTOP-SGGRUD3,12204,WARNING,LOG MESSAGE HEEEP
2020-02-24 19:58:14,DESKTOP-SGGRUD3,6496,WARNING,LOG MESSAGE HEEEP
2020-02-24 20:00:08,DESKTOP-SGGRUD3,6584,WARNING,LOG MESSAGE HEEEP
2020-02-24 20:01:51,DESKTOP-SGGRUD3,19516,WARNING,First log
2020-02-24 20:01:51,DESKTOP-SGGRUD3,19516,WARNING,warning log
2020-02-24 20:01:51,DESKTOP-SGGRUD3,19516,ERROR,error log
2020-02-24 20:01:51,DESKTOP-SGGRUD3,19516,CRITICAL,critical log
2020-02-24 20:02:07,DESKTOP-SGGRUD3,14528,WARNING,First log
2020-02-24 20:02:07,DESKTOP-SGGRUD3,14528,WARNING,warning log
2020-02-24 20:02:07,DESKTOP-SGGRUD3,14528,ERROR,error log
2020-02-24 20:02:07,DESKTOP-SGGRUD3,14528,CRITICAL,critical log
2020-02-24 20:02:24,DESKTOP-SGGRUD3,3652,ERROR,error log
2020-02-24 20:02:24,DESKTOP-SGGRUD3,3652,CRITICAL,critical log
2020-02-24 20:02:35,DESKTOP-SGGRUD3,7132,WARNING,First log
2020-02-24 20:02:35,DESKTOP-SGGRUD3,7132,WARNING,warning log
2020-02-24 20:02:35,DESKTOP-SGGRUD3,7132,ERROR,error log
2020-02-24 20:02:35,DESKTOP-SGGRUD3,7132,CRITICAL,critical log
2020-02-24 20:02:45,DESKTOP-SGGRUD3,8056,WARNING,First log
2020-02-24 20:02:45,DESKTOP-SGGRUD3,8056,WARNING,warning log
2020-02-24 20:02:45,DESKTOP-SGGRUD3,8056,ERROR,error log
2020-02-24 20:02:45,DESKTOP-SGGRUD3,8056,CRITICAL,critical log
2020-02-24 20:04:21,DESKTOP-SGGRUD3,12232,WARNING,First log
2020-02-24 20:04:21,DESKTOP-SGGRUD3,12232,INFO,info log
2020-02-24 20:04:21,DESKTOP-SGGRUD3,12232,WARNING,warning log
2020-02-24 20:04:21,DESKTOP-SGGRUD3,12232,ERROR,error log
2020-02-24 20:04:21,DESKTOP-SGGRUD3,12232,CRITICAL,critical log
2020-02-24 20:04:46,DESKTOP-SGGRUD3,1972,WARNING,First log
2020-02-24 20:04:46,DESKTOP-SGGRUD3,1972,DEBUG,debug log
2020-02-24 20:04:46,DESKTOP-SGGRUD3,1972,INFO,info log
2020-02-24 20:04:46,DESKTOP-SGGRUD3,1972,WARNING,warning log
2020-02-24 20:04:46,DESKTOP-SGGRUD3,1972,ERROR,error log
2020-02-24 20:04:46,DESKTOP-SGGRUD3,1972,CRITICAL,critical log
2020-02-24 20:05:56,DESKTOP-SGGRUD3,14528,WARNING,First log
2020-02-24 20:05:56,DESKTOP-SGGRUD3,14528,DEBUG,debug log
2020-02-24 20:05:56,DESKTOP-SGGRUD3,14528,INFO,info log
2020-02-24 20:05:56,DESKTOP-SGGRUD3,14528,WARNING,warning log
2020-02-24 20:05:56,DESKTOP-SGGRUD3,14528,ERROR,error log
2020-02-24 20:05:56,DESKTOP-SGGRUD3,14528,CRITICAL,critical log
2020-02-24 20:07:53,DESKTOP-SGGRUD3,12804,WARNING,First log
2020-02-24 20:07:53,DESKTOP-SGGRUD3,12804,DEBUG,debug log
2020-02-24 20:07:53,DESKTOP-SGGRUD3,12804,INFO,info log
2020-02-24 20:07:53,DESKTOP-SGGRUD3,12804,WARNING,warning log
2020-02-24 20:07:53,DESKTOP-SGGRUD3,12804,ERROR,error log
2020-02-24 20:07:53,DESKTOP-SGGRUD3,12804,CRITICAL,critical log
